<?xml version="1.0" encoding="UTF-8"?>
<!-- Generated by org.testng.reporters.JUnitXMLReporter -->
<testsuite hostname="DESKTOP-LGSAD80" ignored="2" name="Regression" tests="3" failures="0" timestamp="16 Dec 2018 10:00:24 GMT" time="47.362" errors="0">
  <testcase name="testScript" time="10.068" classname="testcases.TC01"/>
  <testcase name="testScript" time="12.787" classname="testcases.TC02"/>
  <testcase name="testScript" time="16.693" classname="testcases.TC03"/>
  <testcase name="@AfterTest afterTest" time="0.0" classname="utilities.BaseTest">
    <ignored/>
  </testcase> <!-- @AfterTest afterTest -->
  <testcase name="@AfterTest afterTest" time="0.0" classname="utilities.BaseTest">
    <ignored/>
  </testcase> <!-- @AfterTest afterTest -->
</testsuite> <!-- Regression -->
